#! /usr/bin/vvp
:ivl_version "11.0 (stable)";
:ivl_delay_selection "TYPICAL";
:vpi_time_precision + 0;
:vpi_module "/usr/lib/x86_64-linux-gnu/ivl/system.vpi";
:vpi_module "/usr/lib/x86_64-linux-gnu/ivl/vhdl_sys.vpi";
:vpi_module "/usr/lib/x86_64-linux-gnu/ivl/vhdl_textio.vpi";
:vpi_module "/usr/lib/x86_64-linux-gnu/ivl/v2005_math.vpi";
:vpi_module "/usr/lib/x86_64-linux-gnu/ivl/va_math.vpi";
S_0x60712dddf290 .scope module, "xor_tb" "xor_tb" 2 1;
 .timescale 0 0;
v0x60712de03d70_0 .var "a", 0 0;
v0x60712de03e40_0 .var "b", 0 0;
v0x60712de03f10_0 .net "y", 0 0, L_0x60712de04010;  1 drivers
S_0x60712ddf2bf0 .scope module, "dut" "xor_gate" 2 6, 3 1 0, S_0x60712dddf290;
 .timescale 0 0;
    .port_info 0 /INPUT 1 "a";
    .port_info 1 /INPUT 1 "b";
    .port_info 2 /OUTPUT 1 "y";
L_0x60712de04010 .functor XOR 1, v0x60712de03d70_0, v0x60712de03e40_0, C4<0>, C4<0>;
v0x60712ddbbba0_0 .net "a", 0 0, v0x60712de03d70_0;  1 drivers
v0x60712de03b90_0 .net "b", 0 0, v0x60712de03e40_0;  1 drivers
v0x60712de03c50_0 .net "y", 0 0, L_0x60712de04010;  alias, 1 drivers
    .scope S_0x60712dddf290;
T_0 ;
    %vpi_call 2 9 "$dumpfile", "test_xor.vcd" {0 0 0};
    %vpi_call 2 10 "$dumpvars", 32'sb00000000000000000000000000000000, S_0x60712dddf290 {0 0 0};
    %pushi/vec4 0, 0, 1;
    %store/vec4 v0x60712de03d70_0, 0, 1;
    %pushi/vec4 0, 0, 1;
    %store/vec4 v0x60712de03e40_0, 0, 1;
    %delay 5, 0;
    %pushi/vec4 0, 0, 1;
    %store/vec4 v0x60712de03d70_0, 0, 1;
    %pushi/vec4 1, 0, 1;
    %store/vec4 v0x60712de03e40_0, 0, 1;
    %delay 5, 0;
    %pushi/vec4 1, 0, 1;
    %store/vec4 v0x60712de03d70_0, 0, 1;
    %pushi/vec4 0, 0, 1;
    %store/vec4 v0x60712de03e40_0, 0, 1;
    %delay 5, 0;
    %pushi/vec4 1, 0, 1;
    %store/vec4 v0x60712de03d70_0, 0, 1;
    %pushi/vec4 1, 0, 1;
    %store/vec4 v0x60712de03e40_0, 0, 1;
    %delay 5, 0;
    %vpi_call 2 16 "$finish" {0 0 0};
    %end;
    .thread T_0;
# The file index is used to find the file name in the following table.
:file_names 4;
    "N/A";
    "<interactive>";
    "xor_gate_tb.v";
    "xor_gate.v";
