#! /usr/bin/vvp
:ivl_version "11.0 (stable)";
:ivl_delay_selection "TYPICAL";
:vpi_time_precision - 12;
:vpi_module "/usr/lib/x86_64-linux-gnu/ivl/system.vpi";
:vpi_module "/usr/lib/x86_64-linux-gnu/ivl/vhdl_sys.vpi";
:vpi_module "/usr/lib/x86_64-linux-gnu/ivl/vhdl_textio.vpi";
:vpi_module "/usr/lib/x86_64-linux-gnu/ivl/v2005_math.vpi";
:vpi_module "/usr/lib/x86_64-linux-gnu/ivl/va_math.vpi";
S_0x55d8dac8f290 .scope module, "and_tb" "and_tb" 2 3;
 .timescale -9 -12;
v0x55d8dacb3d90_0 .var "a", 0 0;
v0x55d8dacb3e60_0 .var "b", 0 0;
v0x55d8dacb3f30_0 .net "y", 0 0, L_0x55d8dacb4030;  1 drivers
S_0x55d8daca2bf0 .scope module, "u0" "and_gate" 2 7, 3 1 0, S_0x55d8dac8f290;
 .timescale 0 0;
    .port_info 0 /INPUT 1 "a";
    .port_info 1 /INPUT 1 "b";
    .port_info 2 /OUTPUT 1 "y";
L_0x55d8dacb4030 .functor AND 1, v0x55d8dacb3d90_0, v0x55d8dacb3e60_0, C4<1>, C4<1>;
v0x55d8dac6bba0_0 .net "a", 0 0, v0x55d8dacb3d90_0;  1 drivers
v0x55d8dacb3bb0_0 .net "b", 0 0, v0x55d8dacb3e60_0;  1 drivers
v0x55d8dacb3c70_0 .net "y", 0 0, L_0x55d8dacb4030;  alias, 1 drivers
    .scope S_0x55d8dac8f290;
T_0 ;
    %vpi_call 2 15 "$dumpfile", "and_gate.vcd" {0 0 0};
    %vpi_call 2 16 "$dumpvars", 32'sb00000000000000000000000000000000, S_0x55d8dac8f290 {0 0 0};
    %pushi/vec4 0, 0, 1;
    %store/vec4 v0x55d8dacb3d90_0, 0, 1;
    %pushi/vec4 0, 0, 1;
    %store/vec4 v0x55d8dacb3e60_0, 0, 1;
    %delay 5000, 0;
    %pushi/vec4 0, 0, 1;
    %store/vec4 v0x55d8dacb3d90_0, 0, 1;
    %pushi/vec4 1, 0, 1;
    %store/vec4 v0x55d8dacb3e60_0, 0, 1;
    %delay 5000, 0;
    %pushi/vec4 1, 0, 1;
    %store/vec4 v0x55d8dacb3d90_0, 0, 1;
    %pushi/vec4 0, 0, 1;
    %store/vec4 v0x55d8dacb3e60_0, 0, 1;
    %delay 5000, 0;
    %pushi/vec4 1, 0, 1;
    %store/vec4 v0x55d8dacb3d90_0, 0, 1;
    %pushi/vec4 1, 0, 1;
    %store/vec4 v0x55d8dacb3e60_0, 0, 1;
    %delay 5000, 0;
    %vpi_call 2 21 "$finish" {0 0 0};
    %end;
    .thread T_0;
# The file index is used to find the file name in the following table.
:file_names 4;
    "N/A";
    "<interactive>";
    "and_tb.v";
    "and_gate.v";
