#! /usr/bin/vvp
:ivl_version "11.0 (stable)";
:ivl_delay_selection "TYPICAL";
:vpi_time_precision + 0;
:vpi_module "/usr/lib/x86_64-linux-gnu/ivl/system.vpi";
:vpi_module "/usr/lib/x86_64-linux-gnu/ivl/vhdl_sys.vpi";
:vpi_module "/usr/lib/x86_64-linux-gnu/ivl/vhdl_textio.vpi";
:vpi_module "/usr/lib/x86_64-linux-gnu/ivl/v2005_math.vpi";
:vpi_module "/usr/lib/x86_64-linux-gnu/ivl/va_math.vpi";
S_0x5597e905e590 .scope module, "nor_tb" "nor_tb" 2 1;
 .timescale 0 0;
v0x5597e9083200_0 .var "a", 0 0;
v0x5597e90832d0_0 .var "b", 0 0;
v0x5597e90833a0_0 .net "y", 0 0, L_0x5597e90835e0;  1 drivers
S_0x5597e9038dc0 .scope module, "u0_Dut" "nor_gate" 2 6, 3 1 0, S_0x5597e905e590;
 .timescale 0 0;
    .port_info 0 /INPUT 1 "a";
    .port_info 1 /INPUT 1 "b";
    .port_info 2 /OUTPUT 1 "y";
L_0x5597e90834a0 .functor OR 1, v0x5597e9083200_0, v0x5597e90832d0_0, C4<0>, C4<0>;
L_0x5597e90835e0 .functor NOT 1, L_0x5597e90834a0, C4<0>, C4<0>, C4<0>;
v0x5597e9038ff0_0 .net *"_ivl_0", 0 0, L_0x5597e90834a0;  1 drivers
v0x5597e9082f60_0 .net "a", 0 0, v0x5597e9083200_0;  1 drivers
v0x5597e9083020_0 .net "b", 0 0, v0x5597e90832d0_0;  1 drivers
v0x5597e90830c0_0 .net "y", 0 0, L_0x5597e90835e0;  alias, 1 drivers
    .scope S_0x5597e905e590;
T_0 ;
    %vpi_call 2 11 "$dumpfile", "nor_gate.vcd" {0 0 0};
    %vpi_call 2 12 "$dumpvars", 32'sb00000000000000000000000000000000, S_0x5597e905e590 {0 0 0};
    %pushi/vec4 0, 0, 1;
    %store/vec4 v0x5597e9083200_0, 0, 1;
    %pushi/vec4 0, 0, 1;
    %store/vec4 v0x5597e90832d0_0, 0, 1;
    %delay 10, 0;
    %pushi/vec4 0, 0, 1;
    %store/vec4 v0x5597e9083200_0, 0, 1;
    %pushi/vec4 1, 0, 1;
    %store/vec4 v0x5597e90832d0_0, 0, 1;
    %delay 10, 0;
    %pushi/vec4 1, 0, 1;
    %store/vec4 v0x5597e9083200_0, 0, 1;
    %pushi/vec4 0, 0, 1;
    %store/vec4 v0x5597e90832d0_0, 0, 1;
    %delay 10, 0;
    %pushi/vec4 1, 0, 1;
    %store/vec4 v0x5597e9083200_0, 0, 1;
    %pushi/vec4 1, 0, 1;
    %store/vec4 v0x5597e90832d0_0, 0, 1;
    %delay 10, 0;
    %vpi_call 2 19 "$finish" {0 0 0};
    %end;
    .thread T_0;
# The file index is used to find the file name in the following table.
:file_names 4;
    "N/A";
    "<interactive>";
    "nor_gate_tb.v";
    "nor_gate.v";
